# JRE version: Java(TM) SE Runtime Environment (8.0_241-b07) (build 1.8.0_241-b07)
# Java VM: Java HotSpot(TM) 64-Bit Server VM (25.241-b07 mixed mode windows-amd64 compressed oops)
Heap:
 garbage-first heap   total 12582912K, used 5234389K [0x00000004c0000000, 0x00000004c2000c00, 0x00000007c0000000)
  region size 32768K, 71 young (2326528K), 7 survivors (229376K)
 Metaspace       used 197225K, capacity 222454K, committed 222504K, reserved 1234944K
  class space    used 30652K, capacity 36884K, committed 36904K, reserved 1048576K
GC Heap History (10 events):
Event: 910.016 GC heap before
{Heap before GC invocations=128 (full 0):
 garbage-first heap   total 12582912K, used 9572325K [0x00000004c0000000, 0x00000004c2000c00, 0x00000007c0000000)
  region size 32768K, 204 young (6684672K), 9 survivors (294912K)
 Metaspace       used 196886K, capacity 222044K, committed 222248K, reserved 1234944K
  class space    used 30627K, capacity 36833K, committed 36904K, reserved 1048576K
Event: 910.045 GC heap after
Heap after GC invocations=129 (full 0):
 garbage-first heap   total 12582912K, used 3148176K [0x00000004c0000000, 0x00000004c2000c00, 0x00000007c0000000)
  region size 32768K, 7 young (229376K), 7 survivors (229376K)
 Metaspace       used 196886K, capacity 222044K, committed 222248K, reserved 1234944K
  class space    used 30627K, capacity 36833K, committed 36904K, reserved 1048576K
}
Event: 947.462 GC heap before
{Heap before GC invocations=129 (full 0):
 garbage-first heap   total 12582912K, used 9603472K [0x00000004c0000000, 0x00000004c2000c00, 0x00000007c0000000)
  region size 32768K, 204 young (6684672K), 7 survivors (229376K)
 Metaspace       used 196903K, capacity 222050K, committed 222248K, reserved 1234944K
  class space    used 30628K, capacity 36834K, committed 36904K, reserved 1048576K
Event: 947.490 GC heap after
Heap after GC invocations=130 (full 0):
 garbage-first heap   total 12582912K, used 3139274K [0x00000004c0000000, 0x00000004c2000c00, 0x00000007c0000000)
  region size 32768K, 6 young (196608K), 6 survivors (196608K)
 Metaspace       used 196903K, capacity 222050K, committed 222248K, reserved 1234944K
  class space    used 30628K, capacity 36834K, committed 36904K, reserved 1048576K
}
Event: 984.307 GC heap before
{Heap before GC invocations=130 (full 0):
 garbage-first heap   total 12582912K, used 9660106K [0x00000004c0000000, 0x00000004c2000c00, 0x00000007c0000000)
  region size 32768K, 205 young (6717440K), 6 survivors (196608K)
 Metaspace       used 196916K, capacity 222122K, committed 222248K, reserved 1234944K
  class space    used 30629K, capacity 36834K, committed 36904K, reserved 1048576K
Event: 984.335 GC heap after
Heap after GC invocations=131 (full 0):
 garbage-first heap   total 12582912K, used 3146273K [0x00000004c0000000, 0x00000004c2000c00, 0x00000007c0000000)
  region size 32768K, 6 young (196608K), 6 survivors (196608K)
 Metaspace       used 196916K, capacity 222122K, committed 222248K, reserved 1234944K
  class space    used 30629K, capacity 36834K, committed 36904K, reserved 1048576K
}
Event: 1023.469 GC heap before
{Heap before GC invocations=131 (full 0):
 garbage-first heap   total 12582912K, used 9667105K [0x00000004c0000000, 0x00000004c2000c00, 0x00000007c0000000)
  region size 32768K, 206 young (6750208K), 6 survivors (196608K)
 Metaspace       used 197104K, capacity 222348K, committed 222504K, reserved 1234944K
  class space    used 30638K, capacity 36839K, committed 36904K, reserved 1048576K
Event: 1023.498 GC heap after
Heap after GC invocations=132 (full 0):
 garbage-first heap   total 12582912K, used 3150381K [0x00000004c0000000, 0x00000004c2000c00, 0x00000007c0000000)
  region size 32768K, 6 young (196608K), 6 survivors (196608K)
 Metaspace       used 197104K, capacity 222348K, committed 222504K, reserved 1234944K
  class space    used 30638K, capacity 36839K, committed 36904K, reserved 1048576K
}
Event: 1054.116 GC heap before
{Heap before GC invocations=132 (full 0):
 garbage-first heap   total 12582912K, used 9671213K [0x00000004c0000000, 0x00000004c2000c00, 0x00000007c0000000)
  region size 32768K, 206 young (6750208K), 6 survivors (196608K)
 Metaspace       used 197163K, capacity 222398K, committed 222504K, reserved 1234944K
  class space    used 30642K, capacity 36872K, committed 36904K, reserved 1048576K
Event: 1054.144 GC heap after
Heap after GC invocations=133 (full 0):
 garbage-first heap   total 12582912K, used 3170005K [0x00000004c0000000, 0x00000004c2000c00, 0x00000007c0000000)
  region size 32768K, 7 young (229376K), 7 survivors (229376K)
 Metaspace       used 197163K, capacity 222398K, committed 222504K, reserved 1234944K
  class space    used 30642K, capacity 36872K, committed 36904K, reserved 1048576K
}

